<?xml version="1.0" encoding="UTF-8"?>
<!-- Generated by org.testng.reporters.JUnitXMLReporter -->
<testsuite ignored="0" hostname="LAPTOP-GG5LC0BQ" failures="0" tests="6" name="Default test" time="705.264" errors="0" timestamp="2021-04-22T15:59:36 IST">
  <testcase classname="QualityKioskTraining.BankAccountAPI.SavingsAccountTest" name="depositeTest" time="35.048"/>
  <testcase classname="QualityKioskTraining.BankAccountAPI.SavingsAccountTest" name="depositeTestDataDriven" time="71.039"/>
  <testcase classname="QualityKioskTraining.BankAccountAPI.SavingsAccountTest" name="depositeTestDataDriven" time="28.23"/>
  <testcase classname="QualityKioskTraining.BankAccountAPI.SavingsAccountTest" name="depositeTestDataDriven" time="33.074"/>
  <testcase classname="QualityKioskTraining.BankAccountAPI.SavingsAccountTest" name="earnInterestTest" time="26.632"/>
  <testcase classname="QualityKioskTraining.BankAccountAPI.SavingsAccountTest" name="savingAccountWithdrawTest" time="10.415"/>
</testsuite> <!-- Default test -->
