<?xml version="1.0" encoding="UTF-8"?>
<!-- Generated by org.testng.reporters.JUnitXMLReporter -->
<testsuite ignored="0" hostname="LAPTOP-GG5LC0BQ" failures="0" tests="6" name="SavingsAccountTest" time="0.145" errors="0" timestamp="2021-04-22T16:59:54 IST">
  <testcase classname="QualityKioskTraining.BankAccountAPI.SavingsAccountTest" name="depositeTest" time="0.007"/>
  <testcase classname="QualityKioskTraining.BankAccountAPI.SavingsAccountTest" name="depositeTestDataDriven" time="0.001"/>
  <testcase classname="QualityKioskTraining.BankAccountAPI.SavingsAccountTest" name="depositeTestDataDriven" time="0.0"/>
  <testcase classname="QualityKioskTraining.BankAccountAPI.SavingsAccountTest" name="depositeTestDataDriven" time="0.001"/>
  <testcase classname="QualityKioskTraining.BankAccountAPI.SavingsAccountTest" name="earnInterestTest" time="0.001"/>
  <testcase classname="QualityKioskTraining.BankAccountAPI.SavingsAccountTest" name="savingAccountWithdrawTest" time="0.001"/>
</testsuite> <!-- SavingsAccountTest -->
