<?xml version="1.0" encoding="UTF-8"?>
<!-- Generated by org.testng.reporters.JUnitXMLReporter -->
<testsuite ignored="1" hostname="LAPTOP-GG5LC0BQ" failures="0" tests="3" name="SavingsTest" time="0.286" errors="0" timestamp="2021-04-22T16:58:39 IST">
  <testcase classname="QualityKioskTraining.BankAccountAPI.SavingsAccountTest" name="depositeTest" time="0.025"/>
  <testcase classname="QualityKioskTraining.BankAccountAPI.SavingsAccountTest" name="earnInterestTest" time="0.004"/>
  <testcase classname="QualityKioskTraining.BankAccountAPI.SavingsAccountTest" name="savingAccountWithdrawTest" time="0.01"/>
  <testcase classname="QualityKioskTraining.BankAccountAPI.SavingsAccountTest" name="depositeTestDataDriven" time="0.0">
    <ignored/>
  </testcase> <!-- depositeTestDataDriven -->
</testsuite> <!-- SavingsTest -->
