<?xml version="1.0" encoding="UTF-8"?>
<!-- Generated by org.testng.reporters.JUnitXMLReporter -->
<testsuite ignored="1" hostname="LAPTOP-GG5LC0BQ" failures="0" tests="3" name="SavingsAccountTest" time="0.281" errors="0" timestamp="2021-04-22T16:42:19 IST">
  <testcase classname="QualityKioskTraining.BankAccountAPI.SavingsAccountTest" name="depositeTest" time="0.022"/>
  <testcase classname="QualityKioskTraining.BankAccountAPI.SavingsAccountTest" name="earnInterestTest" time="0.004"/>
  <testcase classname="QualityKioskTraining.BankAccountAPI.SavingsAccountTest" name="savingAccountWithdrawTest" time="0.006"/>
  <testcase classname="QualityKioskTraining.BankAccountAPI.SavingsAccountTest" name="depositeTestDataDriven" time="0.0">
    <ignored/>
  </testcase> <!-- depositeTestDataDriven -->
</testsuite> <!-- SavingsAccountTest -->
