<?xml version="1.0" encoding="UTF-8"?>
<!-- Generated by org.testng.reporters.JUnitXMLReporter -->
<testsuite ignored="0" hostname="LAPTOP-GG5LC0BQ" failures="0" tests="3" name="AccountTest" time="0.296" errors="0" timestamp="2021-04-22T13:23:47 IST">
  <testcase classname="QualityKioskTraining.BankAccountAPI.AccountTest" name="depositeTest" time="0.026"/>
  <testcase classname="QualityKioskTraining.BankAccountAPI.AccountTest" name="earnInterestTest" time="0.006"/>
  <testcase classname="QualityKioskTraining.BankAccountAPI.AccountTest" name="savingAccountWithdrawTest" time="0.008"/>
</testsuite> <!-- AccountTest -->
