<?xml version="1.0" encoding="UTF-8"?>
<testsuite xmlns:xsi="http://www.w3.org/2001/XMLSchema-instance" xsi:noNamespaceSchemaLocation="https://maven.apache.org/surefire/maven-surefire-plugin/xsd/surefire-test-report.xsd" name="TestSuite" time="2.769" tests="7" errors="0" skipped="0" failures="0">
  <properties>
[...]
</properties>
  <testcase name="depositeTest" classname="QualityKioskTraining.BankAccountAPI.SavingsAccountTest" time="0.012"/>
  <testcase name="depositeTestDataDriven" classname="QualityKioskTraining.BankAccountAPI.SavingsAccountTest" time="0.004"/>
  <testcase name="depositeTestDataDriven" classname="QualityKioskTraining.BankAccountAPI.SavingsAccountTest" time="0"/>
  <testcase name="depositeTestDataDriven" classname="QualityKioskTraining.BankAccountAPI.SavingsAccountTest" time="0.001"/>
  <testcase name="earnInterestTest" classname="QualityKioskTraining.BankAccountAPI.SavingsAccountTest" time="0.003"/>
  <testcase name="savingAccountWithdrawTest" classname="QualityKioskTraining.BankAccountAPI.SavingsAccountTest" time="0.003"/>
  <testcase name="salaryAccountWithdrawTest" classname="QualityKioskTraining.BankAccountAPI.SalaryAccountTest" time="0.002"/>
</testsuite>